0 info it worked if it ends with ok
1 verbose cli [
1 verbose cli   '/data/data/com.termux/files/usr/bin/node',
1 verbose cli   '/data/data/com.termux/files/usr/bin/npm',
1 verbose cli   'install'
1 verbose cli ]
2 info using npm@6.14.10
3 info using node@v14.15.4
4 verbose npm-session 6b84797e705eef24
5 silly install runPreinstallTopLevelLifecycles
6 silly preinstall Kirito-san@0.0.2
7 info lifecycle Kirito-san@0.0.2~preinstall: Kirito-san@0.0.2
8 silly install loadCurrentTree
9 silly install readLocalPackageData
10 timing stage:loadCurrentTree Completed in 6288ms
11 silly install loadIdealTree
12 silly install cloneCurrentTreeToIdealTree
13 timing stage:loadIdealTree:cloneCurrentTree Completed in 48ms
14 silly install loadShrinkwrap
15 timing stage:loadIdealTree:loadShrinkwrap Completed in 2034ms
16 silly install loadAllDepsIntoIdealTree
17 http fetch GET 200 https://registry.npmjs.org/tiktok-scraper 2148ms
18 http fetch GET 200 https://registry.npmjs.org/tiktok-scraper/-/tiktok-scraper-1.4.24.tgz 276ms
19 silly pacote range manifest for tiktok-scraper@^1.4.7 fetched in 2548ms
20 http fetch GET 200 https://registry.npmjs.org/async 170ms
21 http fetch GET 200 https://registry.npmjs.org/canvas 234ms
22 http fetch GET 200 https://registry.npmjs.org/async/-/async-3.2.0.tgz 278ms
23 silly pacote range manifest for async@^3.1.0 fetched in 702ms
24 http fetch GET 200 https://registry.npmjs.org/canvas/-/canvas-2.8.0.tgz 391ms
25 silly pacote range manifest for canvas@^2.7.0 fetched in 741ms
26 http fetch GET 200 https://registry.npmjs.org/@mapbox%2fnode-pre-gyp 325ms
27 http fetch GET 200 https://registry.npmjs.org/@mapbox/node-pre-gyp/-/node-pre-gyp-1.0.5.tgz 170ms
28 silly pacote range manifest for @mapbox/node-pre-gyp@^1.0.0 fetched in 544ms
29 http fetch GET 200 https://registry.npmjs.org/detect-libc 73ms
30 http fetch GET 200 https://registry.npmjs.org/detect-libc/-/detect-libc-1.0.3.tgz 97ms
31 silly pacote range manifest for detect-libc@^1.0.3 fetched in 211ms
32 silly pacote range manifest for tiktok-scraper@^1.4.7 fetched in 29ms
33 silly resolveWithNewModule tiktok-scraper@1.4.24 checking installable status
34 silly pacote range manifest for async@^3.1.0 fetched in 14ms
35 silly resolveWithNewModule async@3.2.0 checking installable status
36 silly pacote range manifest for canvas@^2.7.0 fetched in 19ms
37 silly resolveWithNewModule canvas@2.8.0 checking installable status
38 silly pacote range manifest for @mapbox/node-pre-gyp@^1.0.0 fetched in 6ms
39 silly resolveWithNewModule @mapbox/node-pre-gyp@1.0.5 checking installable status
40 silly pacote range manifest for detect-libc@^1.0.3 fetched in 13ms
41 silly resolveWithNewModule detect-libc@1.0.3 checking installable status
42 timing stage:loadIdealTree:loadAllDepsIntoIdealTree Completed in 8517ms
43 timing stage:loadIdealTree Completed in 12234ms
44 silly currentTree Kirito-san@0.0.2
44 silly currentTree ├── @adiwajshing/baileys@3.5.0
44 silly currentTree ├── @adiwajshing/keyed-db@0.2.4
44 silly currentTree ├── @babel/runtime@7.14.0
44 silly currentTree ├── @hapi/bourne@2.0.0
44 silly currentTree ├── @jimp/bmp@0.16.1
44 silly currentTree ├── @jimp/core@0.16.1
44 silly currentTree ├── @jimp/custom@0.16.1
44 silly currentTree ├── @jimp/gif@0.16.1
44 silly currentTree ├── @jimp/jpeg@0.16.1
44 silly currentTree ├── @jimp/plugin-blit@0.16.1
44 silly currentTree ├── @jimp/plugin-blur@0.16.1
44 silly currentTree ├── @jimp/plugin-circle@0.16.1
44 silly currentTree ├── @jimp/plugin-color@0.16.1
44 silly currentTree ├── @jimp/plugin-contain@0.16.1
44 silly currentTree ├── @jimp/plugin-cover@0.16.1
44 silly currentTree ├── @jimp/plugin-crop@0.16.1
44 silly currentTree ├── @jimp/plugin-displace@0.16.1
44 silly currentTree ├── @jimp/plugin-dither@0.16.1
44 silly currentTree ├── @jimp/plugin-fisheye@0.16.1
44 silly currentTree ├── @jimp/plugin-flip@0.16.1
44 silly currentTree ├── @jimp/plugin-gaussian@0.16.1
44 silly currentTree ├── @jimp/plugin-invert@0.16.1
44 silly currentTree ├── @jimp/plugin-mask@0.16.1
44 silly currentTree ├── @jimp/plugin-normalize@0.16.1
44 silly currentTree ├── @jimp/plugin-print@0.16.1
44 silly currentTree ├── @jimp/plugin-resize@0.16.1
44 silly currentTree ├── @jimp/plugin-rotate@0.16.1
44 silly currentTree ├── @jimp/plugin-scale@0.16.1
44 silly currentTree ├── @jimp/plugin-shadow@0.16.1
44 silly currentTree ├── @jimp/plugin-threshold@0.16.1
44 silly currentTree ├── @jimp/plugins@0.16.1
44 silly currentTree ├── @jimp/png@0.16.1
44 silly currentTree ├── @jimp/tiff@0.16.1
44 silly currentTree ├── @jimp/types@0.16.1
44 silly currentTree ├── @jimp/utils@0.16.1
44 silly currentTree ├─┬ @kagchi/kag-api@1.5.5
44 silly currentTree │ └── axios@0.20.0
44 silly currentTree ├── @protobufjs/aspromise@1.1.2
44 silly currentTree ├── @protobufjs/base64@1.1.2
44 silly currentTree ├── @protobufjs/codegen@2.0.4
44 silly currentTree ├── @protobufjs/eventemitter@1.1.0
44 silly currentTree ├── @protobufjs/fetch@1.1.0
44 silly currentTree ├── @protobufjs/float@1.0.2
44 silly currentTree ├── @protobufjs/inquire@1.1.0
44 silly currentTree ├── @protobufjs/path@1.1.2
44 silly currentTree ├── @protobufjs/pool@1.1.0
44 silly currentTree ├── @protobufjs/utf8@1.1.0
44 silly currentTree ├── @sindresorhus/is@4.0.1
44 silly currentTree ├── @szmarczak/http-timer@4.0.5
44 silly currentTree ├── @tokenizer/token@0.1.1
44 silly currentTree ├── @types/cacheable-request@6.0.1
44 silly currentTree ├── @types/debug@4.1.5
44 silly currentTree ├── @types/http-cache-semantics@4.0.0
44 silly currentTree ├── @types/keyv@3.1.1
44 silly currentTree ├── @types/long@4.0.1
44 silly currentTree ├── @types/node@15.0.2
44 silly currentTree ├── @types/readable-stream@2.3.9
44 silly currentTree ├── @types/responselike@1.0.0
44 silly currentTree ├── abab@2.0.5
44 silly currentTree ├── abbrev@1.1.1
44 silly currentTree ├─┬ acorn-globals@6.0.0
44 silly currentTree │ └── acorn@7.4.1
44 silly currentTree ├── acorn-walk@7.2.0
44 silly currentTree ├── acorn@8.2.4
44 silly currentTree ├── agent-base@6.0.2
44 silly currentTree ├── ajv@6.12.6
44 silly currentTree ├── ansi-regex@4.1.0
44 silly currentTree ├── ansi-styles@3.2.1
44 silly currentTree ├── any-base@1.1.0
44 silly currentTree ├── aproba@1.2.0
44 silly currentTree ├─┬ archiver-utils@2.1.0
44 silly currentTree │ ├── readable-stream@2.3.7
44 silly currentTree │ ├── safe-buffer@5.1.2
44 silly currentTree │ └── string_decoder@1.1.1
44 silly currentTree ├── archiver@3.1.1
44 silly currentTree ├─┬ are-we-there-yet@1.1.5
44 silly currentTree │ ├── readable-stream@2.3.7
44 silly currentTree │ ├── safe-buffer@5.1.2
44 silly currentTree │ └── string_decoder@1.1.1
44 silly currentTree ├─┬ args@5.0.1
44 silly currentTree │ └── chalk@2.4.2
44 silly currentTree ├── asn1@0.2.4
44 silly currentTree ├── assert-plus@1.0.0
44 silly currentTree ├── async@2.6.3
44 silly currentTree ├── asynckit@0.4.0
44 silly currentTree ├── atomic-sleep@1.0.0
44 silly currentTree ├── aws-sign2@0.7.0
44 silly currentTree ├── aws4@1.11.0
44 silly currentTree ├── axios@0.21.1
44 silly currentTree ├── balanced-match@1.0.2
44 silly currentTree ├── base64-js@1.5.1
44 silly currentTree ├── bcrypt-pbkdf@1.0.2
44 silly currentTree ├── bl@4.1.0
44 silly currentTree ├── bluebird@3.7.2
44 silly currentTree ├── bmp-js@0.1.0
44 silly currentTree ├── brace-expansion@1.1.11
44 silly currentTree ├── browser-process-hrtime@1.0.0
44 silly currentTree ├── buffer-crc32@0.2.13
44 silly currentTree ├── buffer-equal@0.0.1
44 silly currentTree ├── buffer@5.7.1
44 silly currentTree ├── cacheable-lookup@5.0.4
44 silly currentTree ├── cacheable-request@7.0.1
44 silly currentTree ├── camelcase@5.0.0
44 silly currentTree ├── caseless@0.12.0
44 silly currentTree ├── cfonts@2.9.1
44 silly currentTree ├─┬ chalk@4.1.1
44 silly currentTree │ ├── ansi-styles@4.3.0
44 silly currentTree │ ├── color-convert@2.0.1
44 silly currentTree │ ├── color-name@1.1.4
44 silly currentTree │ ├── has-flag@4.0.0
44 silly currentTree │ └── supports-color@7.2.0
44 silly currentTree ├── chownr@2.0.0
44 silly currentTree ├── cli-cursor@3.1.0
44 silly currentTree ├── cli-spinners@2.6.0
44 silly currentTree ├─┬ cliui@5.0.0
44 silly currentTree │ ├── is-fullwidth-code-point@2.0.0
44 silly currentTree │ └── string-width@3.1.0
44 silly currentTree ├── clone-response@1.0.2
44 silly currentTree ├── clone@1.0.4
44 silly currentTree ├── code-point-at@1.1.0
44 silly currentTree ├── color-convert@1.9.3
44 silly currentTree ├── color-name@1.1.3
44 silly currentTree ├── combined-stream@1.0.8
44 silly currentTree ├── commander@2.20.3
44 silly currentTree ├─┬ compress-commons@2.1.1
44 silly currentTree │ ├── readable-stream@2.3.7
44 silly currentTree │ ├── safe-buffer@5.1.2
44 silly currentTree │ └── string_decoder@1.1.1
44 silly currentTree ├── concat-map@0.0.1
44 silly currentTree ├── console-control-strings@1.1.0
44 silly currentTree ├── content-type@1.0.4
44 silly currentTree ├── core-util-is@1.0.2
44 silly currentTree ├── crc@3.8.0
44 silly currentTree ├── crc32-stream@3.0.1
44 silly currentTree ├── cssom@0.4.4
44 silly currentTree ├─┬ cssstyle@2.3.0
44 silly currentTree │ └── cssom@0.3.8
44 silly currentTree ├── curve25519-js@0.0.4
44 silly currentTree ├── dashdash@1.14.1
44 silly currentTree ├── data-urls@2.0.0
44 silly currentTree ├── dateformat@4.5.1
44 silly currentTree ├── debug@4.3.1
44 silly currentTree ├── decamelize@1.2.0
44 silly currentTree ├── decimal.js@10.2.1
44 silly currentTree ├─┬ decompress-response@6.0.0
44 silly currentTree │ └── mimic-response@3.1.0
44 silly currentTree ├── deep-is@0.1.3
44 silly currentTree ├── defaults@1.0.3
44 silly currentTree ├── defer-to-connect@2.0.1
44 silly currentTree ├── define-property@1.0.0
44 silly currentTree ├── delayed-stream@1.0.0
44 silly currentTree ├── delegates@1.0.0
44 silly currentTree ├── dom-walk@0.1.2
44 silly currentTree ├─┬ domexception@2.0.1
44 silly currentTree │ └── webidl-conversions@5.0.0
44 silly currentTree ├── ecc-jsbn@0.1.2
44 silly currentTree ├── emoji-regex@7.0.3
44 silly currentTree ├── end-of-stream@1.4.4
44 silly currentTree ├── escape-string-regexp@1.0.5
44 silly currentTree ├── escodegen@2.0.0
44 silly currentTree ├── esprima@4.0.1
44 silly currentTree ├── estraverse@5.2.0
44 silly currentTree ├── esutils@2.0.3
44 silly currentTree ├── exif-parser@0.1.12
44 silly currentTree ├── extend@3.0.2
44 silly currentTree ├── extsprintf@1.3.0
44 silly currentTree ├── fake-useragent@1.0.1
44 silly currentTree ├── fast-deep-equal@3.1.3
44 silly currentTree ├── fast-json-stable-stringify@2.1.0
44 silly currentTree ├── fast-levenshtein@2.0.6
44 silly currentTree ├── fast-redact@3.0.1
44 silly currentTree ├── fast-safe-stringify@2.0.7
44 silly currentTree ├── file-type@9.0.0
44 silly currentTree ├── find-up@3.0.0
44 silly currentTree ├── flatstr@1.0.12
44 silly currentTree ├── fluent-ffmpeg@2.1.2
44 silly currentTree ├── follow-redirects@1.14.0
44 silly currentTree ├── forever-agent@0.6.1
44 silly currentTree ├── form-data@2.3.3
44 silly currentTree ├── fs-constants@1.0.0
44 silly currentTree ├── fs-minipass@2.1.0
44 silly currentTree ├── fs.realpath@1.0.0
44 silly currentTree ├── futoin-hkdf@1.3.3
44 silly currentTree ├─┬ gauge@2.7.4
44 silly currentTree │ ├── ansi-regex@2.1.1
44 silly currentTree │ └── strip-ansi@3.0.1
44 silly currentTree ├── get-caller-file@2.0.5
44 silly currentTree ├── get-stream@5.2.0
44 silly currentTree ├── getpass@0.1.7
44 silly currentTree ├── gifwrap@0.9.2
44 silly currentTree ├── glob@7.1.7
44 silly currentTree ├── global@4.4.0
44 silly currentTree ├── got@11.8.2
44 silly currentTree ├── graceful-fs@4.2.6
44 silly currentTree ├── har-schema@2.0.0
44 silly currentTree ├── har-validator@5.1.5
44 silly currentTree ├── has-flag@3.0.0
44 silly currentTree ├── has-unicode@2.0.1
44 silly currentTree ├── html-encoding-sniffer@2.0.1
44 silly currentTree ├── http-cache-semantics@4.1.0
44 silly currentTree ├── http-signature@1.2.0
44 silly currentTree ├── http2-wrapper@1.0.3
44 silly currentTree ├── https-proxy-agent@5.0.0
44 silly currentTree ├── iconv-lite@0.4.24
44 silly currentTree ├── ieee754@1.2.1
44 silly currentTree ├── image-q@1.1.1
44 silly currentTree ├── imgbb-uploader@1.3.0
44 silly currentTree ├── inflight@1.0.6
44 silly currentTree ├── inherits@2.0.4
44 silly currentTree ├── ip@1.1.5
44 silly currentTree ├── is-accessor-descriptor@1.0.0
44 silly currentTree ├── is-buffer@1.1.6
44 silly currentTree ├── is-data-descriptor@1.0.0
44 silly currentTree ├── is-descriptor@1.0.2
44 silly currentTree ├── is-fullwidth-code-point@1.0.0
44 silly currentTree ├── is-function@1.0.2
44 silly currentTree ├── is-interactive@1.0.0
44 silly currentTree ├─┬ is-number@3.0.0
44 silly currentTree │ └── kind-of@3.2.2
44 silly currentTree ├── is-potential-custom-element-name@1.0.1
44 silly currentTree ├── is-typedarray@1.0.0
44 silly currentTree ├── isarray@1.0.0
44 silly currentTree ├── isexe@2.0.0
44 silly currentTree ├── isstream@0.1.2
44 silly currentTree ├── jimp@0.16.1
44 silly currentTree ├── jmespath@0.15.0
44 silly currentTree ├── joycon@2.2.5
44 silly currentTree ├── jpeg-js@0.4.2
44 silly currentTree ├── jsbn@0.1.1
44 silly currentTree ├─┬ jsdom@16.5.3
44 silly currentTree │ └── tough-cookie@4.0.0
44 silly currentTree ├── json-buffer@3.0.1
44 silly currentTree ├── json-schema-traverse@0.4.1
44 silly currentTree ├── json-schema@0.2.3
44 silly currentTree ├── json-stringify-safe@5.0.1
44 silly currentTree ├── json2csv@4.5.1
44 silly currentTree ├── jsonparse@1.3.1
44 silly currentTree ├── jsprim@1.4.1
44 silly currentTree ├── keyv@4.0.3
44 silly currentTree ├── kind-of@6.0.3
44 silly currentTree ├─┬ lazystream@1.0.0
44 silly currentTree │ ├── readable-stream@2.3.7
44 silly currentTree │ ├── safe-buffer@5.1.2
44 silly currentTree │ └── string_decoder@1.1.1
44 silly currentTree ├── leven@2.1.0
44 silly currentTree ├── levn@0.3.0
44 silly currentTree ├── load-bmfont@1.4.1
44 silly currentTree ├── locate-path@3.0.0
44 silly currentTree ├── lodash.defaults@4.2.0
44 silly currentTree ├── lodash.difference@4.5.0
44 silly currentTree ├── lodash.flatten@4.4.0
44 silly currentTree ├── lodash.get@4.4.2
44 silly currentTree ├── lodash.isplainobject@4.0.6
44 silly currentTree ├── lodash.union@4.6.0
44 silly currentTree ├── lodash@4.17.21
44 silly currentTree ├─┬ log-symbols@3.0.0
44 silly currentTree │ └── chalk@2.4.2
44 silly currentTree ├── lolis.life@4.0.0
44 silly currentTree ├── long@4.0.0
44 silly currentTree ├── lowercase-keys@2.0.0
44 silly currentTree ├── lru-cache@6.0.0
44 silly currentTree ├─┬ make-dir@3.1.0
44 silly currentTree │ └── semver@6.3.0
44 silly currentTree ├── media-typer@1.1.0
44 silly currentTree ├── mime-db@1.47.0
44 silly currentTree ├── mime-types@2.1.30
44 silly currentTree ├── mime@1.6.0
44 silly currentTree ├── mimic-fn@2.1.0
44 silly currentTree ├── mimic-response@1.0.1
44 silly currentTree ├── min-document@2.19.0
44 silly currentTree ├── minimatch@3.0.4
44 silly currentTree ├── minimist@1.2.5
44 silly currentTree ├── minipass@3.1.3
44 silly currentTree ├── minizlib@2.1.2
44 silly currentTree ├── mkdirp@0.5.5
44 silly currentTree ├── moment-timezone@0.5.33
44 silly currentTree ├── moment@2.29.1
44 silly currentTree ├── mri@1.1.4
44 silly currentTree ├── ms@2.1.2
44 silly currentTree ├─┬ multistream@2.1.1
44 silly currentTree │ ├── readable-stream@2.3.7
44 silly currentTree │ ├── safe-buffer@5.1.2
44 silly currentTree │ └── string_decoder@1.1.1
44 silly currentTree ├─┬ music-metadata@7.8.5
44 silly currentTree │ └── file-type@16.4.0
44 silly currentTree ├── mute-stream@0.0.8
44 silly currentTree ├── nan@2.14.2
44 silly currentTree ├── node-fetch@2.6.1
44 silly currentTree ├── nopt@5.0.0
44 silly currentTree ├── normalize-path@3.0.0
44 silly currentTree ├── normalize-url@4.5.0
44 silly currentTree ├── npmlog@4.1.2
44 silly currentTree ├── number-is-nan@1.0.1
44 silly currentTree ├── nwsapi@2.2.0
44 silly currentTree ├── oauth-sign@0.9.0
44 silly currentTree ├── object-assign@4.1.1
44 silly currentTree ├── omggif@1.0.10
44 silly currentTree ├── once@1.4.0
44 silly currentTree ├── onetime@5.1.2
44 silly currentTree ├── optionator@0.8.3
44 silly currentTree ├─┬ ora@4.1.1
44 silly currentTree │ ├── ansi-regex@5.0.0
44 silly currentTree │ ├── ansi-styles@4.3.0
44 silly currentTree │ ├── chalk@3.0.0
44 silly currentTree │ ├── color-convert@2.0.1
44 silly currentTree │ ├── color-name@1.1.4
44 silly currentTree │ ├── has-flag@4.0.0
44 silly currentTree │ ├── strip-ansi@6.0.0
44 silly currentTree │ └── supports-color@7.2.0
44 silly currentTree ├── p-cancelable@2.1.1
44 silly currentTree ├── p-limit@2.3.0
44 silly currentTree ├── p-locate@3.0.0
44 silly currentTree ├── p-try@2.2.0
44 silly currentTree ├── pako@1.0.11
44 silly currentTree ├── parse-bmfont-ascii@1.0.6
44 silly currentTree ├── parse-bmfont-binary@1.0.6
44 silly currentTree ├── parse-bmfont-xml@1.1.4
44 silly currentTree ├── parse-headers@2.0.3
44 silly currentTree ├── parse5@6.0.1
44 silly currentTree ├── path-exists@3.0.0
44 silly currentTree ├── path-is-absolute@1.0.1
44 silly currentTree ├── peek-readable@3.1.3
44 silly currentTree ├── performance-now@2.1.0
44 silly currentTree ├── phin@2.9.3
44 silly currentTree ├── pino-pretty@4.7.1
44 silly currentTree ├── pino-std-serializers@3.2.0
44 silly currentTree ├── pino@6.11.3
44 silly currentTree ├── pixelmatch@4.0.2
44 silly currentTree ├── pngjs@3.4.0
44 silly currentTree ├── prelude-ls@1.1.2
44 silly currentTree ├── process-nextick-args@2.0.1
44 silly currentTree ├── process@0.11.10
44 silly currentTree ├── progress@2.0.3
44 silly currentTree ├── protobufjs@6.11.2
44 silly currentTree ├── psl@1.8.0
44 silly currentTree ├── pump@3.0.0
44 silly currentTree ├── punycode@2.1.1
44 silly currentTree ├── qrcode-terminal@0.12.0
44 silly currentTree ├── qs@6.5.2
44 silly currentTree ├── quick-format-unescaped@4.0.3
44 silly currentTree ├── quick-lru@5.1.1
44 silly currentTree ├── readable-stream@3.6.0
44 silly currentTree ├── readable-web-to-node-stream@3.0.1
44 silly currentTree ├── regenerator-runtime@0.13.7
44 silly currentTree ├── remove.bg@1.3.0
44 silly currentTree ├── request-promise-core@1.1.4
44 silly currentTree ├── request-promise-native@1.0.9
44 silly currentTree ├── request-promise@4.2.6
44 silly currentTree ├── request@2.88.2
44 silly currentTree ├── require-directory@2.1.1
44 silly currentTree ├── require-main-filename@2.0.0
44 silly currentTree ├── resolve-alpn@1.1.2
44 silly currentTree ├── responselike@2.0.0
44 silly currentTree ├── restore-cursor@3.1.0
44 silly currentTree ├── rimraf@3.0.2
44 silly currentTree ├── safe-buffer@5.2.1
44 silly currentTree ├── safer-buffer@2.1.2
44 silly currentTree ├── sax@1.2.4
44 silly currentTree ├── saxes@5.0.1
44 silly currentTree ├── semver@7.3.5
44 silly currentTree ├── set-blocking@2.0.0
44 silly currentTree ├── signal-exit@3.0.3
44 silly currentTree ├── simple-concat@1.0.1
44 silly currentTree ├─┬ simple-get@3.1.0
44 silly currentTree │ ├── decompress-response@4.2.1
44 silly currentTree │ └── mimic-response@2.1.0
44 silly currentTree ├── smart-buffer@4.1.0
44 silly currentTree ├── socks-proxy-agent@5.0.0
44 silly currentTree ├── socks@2.6.1
44 silly currentTree ├── sonic-boom@1.4.1
44 silly currentTree ├── source-map@0.6.1
44 silly currentTree ├─┬ spinnies@0.5.1
44 silly currentTree │ └── chalk@2.4.2
44 silly currentTree ├── split2@3.2.2
44 silly currentTree ├── sshpk@1.16.1
44 silly currentTree ├── stealthy-require@1.1.1
44 silly currentTree ├── string_decoder@1.3.0
44 silly currentTree ├─┬ string-width@1.0.2
44 silly currentTree │ ├── ansi-regex@2.1.1
44 silly currentTree │ └── strip-ansi@3.0.1
44 silly currentTree ├── strip-ansi@5.2.0
44 silly currentTree ├── strip-json-comments@3.1.1
44 silly currentTree ├── strtok3@6.0.8
44 silly currentTree ├── supports-color@5.5.0
44 silly currentTree ├── symbol-tree@3.2.4
44 silly currentTree ├── tar-stream@2.2.0
44 silly currentTree ├─┬ tar@6.1.0
44 silly currentTree │ └── mkdirp@1.0.4
44 silly currentTree ├── timm@1.7.1
44 silly currentTree ├── tinycolor2@1.4.2
44 silly currentTree ├── token-types@2.1.1
44 silly currentTree ├── tough-cookie@2.5.0
44 silly currentTree ├── tr46@2.0.2
44 silly currentTree ├── tunnel-agent@0.6.0
44 silly currentTree ├── tweetnacl@0.14.5
44 silly currentTree ├── type-check@0.3.2
44 silly currentTree ├── typedarray-to-buffer@3.1.5
44 silly currentTree ├─┬ unirest@0.6.0
44 silly currentTree │ ├── async@0.9.2
44 silly currentTree │ ├── combined-stream@0.0.7
44 silly currentTree │ ├── delayed-stream@0.0.5
44 silly currentTree │ ├── form-data@0.2.0
44 silly currentTree │ ├── mime-db@1.12.0
44 silly currentTree │ ├── mime-types@2.0.14
44 silly currentTree │ └── mime@2.5.2
44 silly currentTree ├── universalify@0.1.2
44 silly currentTree ├── uri-js@4.4.1
44 silly currentTree ├── utif@2.0.1
44 silly currentTree ├── util-deprecate@1.0.2
44 silly currentTree ├── uuid@3.4.0
44 silly currentTree ├── verror@1.10.0
44 silly currentTree ├── w3c-hr-time@1.0.2
44 silly currentTree ├── w3c-xmlserializer@2.0.0
44 silly currentTree ├── wcwidth@1.0.1
44 silly currentTree ├── webidl-conversions@6.1.0
44 silly currentTree ├── whatwg-encoding@1.0.5
44 silly currentTree ├── whatwg-mimetype@2.3.0
44 silly currentTree ├── whatwg-url@8.5.0
44 silly currentTree ├── which-module@2.0.0
44 silly currentTree ├── which@1.3.1
44 silly currentTree ├── wide-align@1.1.3
44 silly currentTree ├── window-size@1.1.1
44 silly currentTree ├── word-wrap@1.2.3
44 silly currentTree ├─┬ wrap-ansi@5.1.0
44 silly currentTree │ ├── is-fullwidth-code-point@2.0.0
44 silly currentTree │ └── string-width@3.1.0
44 silly currentTree ├── wrappy@1.0.2
44 silly currentTree ├── ws@7.4.5
44 silly currentTree ├── xhr@2.6.0
44 silly currentTree ├── xml-name-validator@3.0.0
44 silly currentTree ├── xml-parse-from-string@1.0.1
44 silly currentTree ├── xml2js@0.4.23
44 silly currentTree ├── xmlbuilder@11.0.1
44 silly currentTree ├── xmlchars@2.2.0
44 silly currentTree ├── xtend@4.0.2
44 silly currentTree ├── y18n@4.0.3
44 silly currentTree ├── yallist@4.0.0
44 silly currentTree ├── yargs-parser@15.0.1
44 silly currentTree ├─┬ yargs@14.2.3
44 silly currentTree │ ├── is-fullwidth-code-point@2.0.0
44 silly currentTree │ └── string-width@3.1.0
44 silly currentTree └── zip-stream@2.1.3
45 silly idealTree Kirito-san@0.0.2
45 silly idealTree ├── @adiwajshing/baileys@3.5.0
45 silly idealTree ├── @adiwajshing/keyed-db@0.2.4
45 silly idealTree ├── @babel/runtime@7.14.0
45 silly idealTree ├── @hapi/bourne@2.0.0
45 silly idealTree ├── @jimp/bmp@0.16.1
45 silly idealTree ├── @jimp/core@0.16.1
45 silly idealTree ├── @jimp/custom@0.16.1
45 silly idealTree ├── @jimp/gif@0.16.1
45 silly idealTree ├── @jimp/jpeg@0.16.1
45 silly idealTree ├── @jimp/plugin-blit@0.16.1
45 silly idealTree ├── @jimp/plugin-blur@0.16.1
45 silly idealTree ├── @jimp/plugin-circle@0.16.1
45 silly idealTree ├── @jimp/plugin-color@0.16.1
45 silly idealTree ├── @jimp/plugin-contain@0.16.1
45 silly idealTree ├── @jimp/plugin-cover@0.16.1
45 silly idealTree ├── @jimp/plugin-crop@0.16.1
45 silly idealTree ├── @jimp/plugin-displace@0.16.1
45 silly idealTree ├── @jimp/plugin-dither@0.16.1
45 silly idealTree ├── @jimp/plugin-fisheye@0.16.1
45 silly idealTree ├── @jimp/plugin-flip@0.16.1
45 silly idealTree ├── @jimp/plugin-gaussian@0.16.1
45 silly idealTree ├── @jimp/plugin-invert@0.16.1
45 silly idealTree ├── @jimp/plugin-mask@0.16.1
45 silly idealTree ├── @jimp/plugin-normalize@0.16.1
45 silly idealTree ├── @jimp/plugin-print@0.16.1
45 silly idealTree ├── @jimp/plugin-resize@0.16.1
45 silly idealTree ├── @jimp/plugin-rotate@0.16.1
45 silly idealTree ├── @jimp/plugin-scale@0.16.1
45 silly idealTree ├── @jimp/plugin-shadow@0.16.1
45 silly idealTree ├── @jimp/plugin-threshold@0.16.1
45 silly idealTree ├── @jimp/plugins@0.16.1
45 silly idealTree ├── @jimp/png@0.16.1
45 silly idealTree ├── @jimp/tiff@0.16.1
45 silly idealTree ├── @jimp/types@0.16.1
45 silly idealTree ├── @jimp/utils@0.16.1
45 silly idealTree ├─┬ @kagchi/kag-api@1.5.5
45 silly idealTree │ └── axios@0.20.0
45 silly idealTree ├── @mapbox/node-pre-gyp@1.0.5
45 silly idealTree ├── @protobufjs/aspromise@1.1.2
45 silly idealTree ├── @protobufjs/base64@1.1.2
45 silly idealTree ├── @protobufjs/codegen@2.0.4
45 silly idealTree ├── @protobufjs/eventemitter@1.1.0
45 silly idealTree ├── @protobufjs/fetch@1.1.0
45 silly idealTree ├── @protobufjs/float@1.0.2
45 silly idealTree ├── @protobufjs/inquire@1.1.0
45 silly idealTree ├── @protobufjs/path@1.1.2
45 silly idealTree ├── @protobufjs/pool@1.1.0
45 silly idealTree ├── @protobufjs/utf8@1.1.0
45 silly idealTree ├── @sindresorhus/is@4.0.1
45 silly idealTree ├── @szmarczak/http-timer@4.0.5
45 silly idealTree ├── @tokenizer/token@0.1.1
45 silly idealTree ├── @types/cacheable-request@6.0.1
45 silly idealTree ├── @types/debug@4.1.5
45 silly idealTree ├── @types/http-cache-semantics@4.0.0
45 silly idealTree ├── @types/keyv@3.1.1
45 silly idealTree ├── @types/long@4.0.1
45 silly idealTree ├── @types/node@15.0.2
45 silly idealTree ├── @types/readable-stream@2.3.9
45 silly idealTree ├── @types/responselike@1.0.0
45 silly idealTree ├── abab@2.0.5
45 silly idealTree ├── abbrev@1.1.1
45 silly idealTree ├─┬ acorn-globals@6.0.0
45 silly idealTree │ └── acorn@7.4.1
45 silly idealTree ├── acorn-walk@7.2.0
45 silly idealTree ├── acorn@8.2.4
45 silly idealTree ├── agent-base@6.0.2
45 silly idealTree ├── ajv@6.12.6
45 silly idealTree ├── ansi-regex@4.1.0
45 silly idealTree ├── ansi-styles@3.2.1
45 silly idealTree ├── any-base@1.1.0
45 silly idealTree ├── aproba@1.2.0
45 silly idealTree ├─┬ archiver-utils@2.1.0
45 silly idealTree │ ├── readable-stream@2.3.7
45 silly idealTree │ ├── safe-buffer@5.1.2
45 silly idealTree │ └── string_decoder@1.1.1
45 silly idealTree ├── archiver@3.1.1
45 silly idealTree ├─┬ are-we-there-yet@1.1.5
45 silly idealTree │ ├── readable-stream@2.3.7
45 silly idealTree │ ├── safe-buffer@5.1.2
45 silly idealTree │ └── string_decoder@1.1.1
45 silly idealTree ├─┬ args@5.0.1
45 silly idealTree │ └── chalk@2.4.2
45 silly idealTree ├── asn1@0.2.4
45 silly idealTree ├── assert-plus@1.0.0
45 silly idealTree ├── async@2.6.3
45 silly idealTree ├── asynckit@0.4.0
45 silly idealTree ├── atomic-sleep@1.0.0
45 silly idealTree ├── aws-sign2@0.7.0
45 silly idealTree ├── aws4@1.11.0
45 silly idealTree ├── axios@0.21.1
45 silly idealTree ├── balanced-match@1.0.2
45 silly idealTree ├── base64-js@1.5.1
45 silly idealTree ├── bcrypt-pbkdf@1.0.2
45 silly idealTree ├── bl@4.1.0
45 silly idealTree ├── bluebird@3.7.2
45 silly idealTree ├── bmp-js@0.1.0
45 silly idealTree ├── brace-expansion@1.1.11
45 silly idealTree ├── browser-process-hrtime@1.0.0
45 silly idealTree ├── buffer-crc32@0.2.13
45 silly idealTree ├── buffer-equal@0.0.1
45 silly idealTree ├── buffer@5.7.1
45 silly idealTree ├── cacheable-lookup@5.0.4
45 silly idealTree ├── cacheable-request@7.0.1
45 silly idealTree ├── camelcase@5.0.0
45 silly idealTree ├── canvas@2.8.0
45 silly idealTree ├── caseless@0.12.0
45 silly idealTree ├── cfonts@2.9.1
45 silly idealTree ├─┬ chalk@4.1.1
45 silly idealTree │ ├── ansi-styles@4.3.0
45 silly idealTree │ ├── color-convert@2.0.1
45 silly idealTree │ ├── color-name@1.1.4
45 silly idealTree │ ├── has-flag@4.0.0
45 silly idealTree │ └── supports-color@7.2.0
45 silly idealTree ├── chownr@2.0.0
45 silly idealTree ├── cli-cursor@3.1.0
45 silly idealTree ├── cli-spinners@2.6.0
45 silly idealTree ├─┬ cliui@5.0.0
45 silly idealTree │ ├── is-fullwidth-code-point@2.0.0
45 silly idealTree │ └── string-width@3.1.0
45 silly idealTree ├── clone-response@1.0.2
45 silly idealTree ├── clone@1.0.4
45 silly idealTree ├── code-point-at@1.1.0
45 silly idealTree ├── color-convert@1.9.3
45 silly idealTree ├── color-name@1.1.3
45 silly idealTree ├── combined-stream@1.0.8
45 silly idealTree ├── commander@2.20.3
45 silly idealTree ├─┬ compress-commons@2.1.1
45 silly idealTree │ ├── readable-stream@2.3.7
45 silly idealTree │ ├── safe-buffer@5.1.2
45 silly idealTree │ └── string_decoder@1.1.1
45 silly idealTree ├── concat-map@0.0.1
45 silly idealTree ├── console-control-strings@1.1.0
45 silly idealTree ├── content-type@1.0.4
45 silly idealTree ├── core-util-is@1.0.2
45 silly idealTree ├── crc@3.8.0
45 silly idealTree ├── crc32-stream@3.0.1
45 silly idealTree ├── cssom@0.4.4
45 silly idealTree ├─┬ cssstyle@2.3.0
45 silly idealTree │ └── cssom@0.3.8
45 silly idealTree ├── curve25519-js@0.0.4
45 silly idealTree ├── dashdash@1.14.1
45 silly idealTree ├── data-urls@2.0.0
45 silly idealTree ├── dateformat@4.5.1
45 silly idealTree ├── debug@4.3.1
45 silly idealTree ├── decamelize@1.2.0
45 silly idealTree ├── decimal.js@10.2.1
45 silly idealTree ├─┬ decompress-response@6.0.0
45 silly idealTree │ └── mimic-response@3.1.0
45 silly idealTree ├── deep-is@0.1.3
45 silly idealTree ├── defaults@1.0.3
45 silly idealTree ├── defer-to-connect@2.0.1
45 silly idealTree ├── define-property@1.0.0
45 silly idealTree ├── delayed-stream@1.0.0
45 silly idealTree ├── delegates@1.0.0
45 silly idealTree ├── detect-libc@1.0.3
45 silly idealTree ├── dom-walk@0.1.2
45 silly idealTree ├─┬ domexception@2.0.1
45 silly idealTree │ └── webidl-conversions@5.0.0
45 silly idealTree ├── ecc-jsbn@0.1.2
45 silly idealTree ├── emoji-regex@7.0.3
45 silly idealTree ├── end-of-stream@1.4.4
45 silly idealTree ├── escape-string-regexp@1.0.5
45 silly idealTree ├── escodegen@2.0.0
45 silly idealTree ├── esprima@4.0.1
45 silly idealTree ├── estraverse@5.2.0
45 silly idealTree ├── esutils@2.0.3
45 silly idealTree ├── exif-parser@0.1.12
45 silly idealTree ├── extend@3.0.2
45 silly idealTree ├── extsprintf@1.3.0
45 silly idealTree ├── fake-useragent@1.0.1
45 silly idealTree ├── fast-deep-equal@3.1.3
45 silly idealTree ├── fast-json-stable-stringify@2.1.0
45 silly idealTree ├── fast-levenshtein@2.0.6
45 silly idealTree ├── fast-redact@3.0.1
45 silly idealTree ├── fast-safe-stringify@2.0.7
45 silly idealTree ├── file-type@9.0.0
45 silly idealTree ├── find-up@3.0.0
45 silly idealTree ├── flatstr@1.0.12
45 silly idealTree ├── fluent-ffmpeg@2.1.2
45 silly idealTree ├── follow-redirects@1.14.0
45 silly idealTree ├── forever-agent@0.6.1
45 silly idealTree ├── form-data@2.3.3
45 silly idealTree ├── fs-constants@1.0.0
45 silly idealTree ├── fs-minipass@2.1.0
45 silly idealTree ├── fs.realpath@1.0.0
45 silly idealTree ├── futoin-hkdf@1.3.3
45 silly idealTree ├─┬ gauge@2.7.4
45 silly idealTree │ ├── ansi-regex@2.1.1
45 silly idealTree │ └── strip-ansi@3.0.1
45 silly idealTree ├── get-caller-file@2.0.5
45 silly idealTree ├── get-stream@5.2.0
45 silly idealTree ├── getpass@0.1.7
45 silly idealTree ├── gifwrap@0.9.2
45 silly idealTree ├── glob@7.1.7
45 silly idealTree ├── global@4.4.0
45 silly idealTree ├── got@11.8.2
45 silly idealTree ├── graceful-fs@4.2.6
45 silly idealTree ├── har-schema@2.0.0
45 silly idealTree ├── har-validator@5.1.5
45 silly idealTree ├── has-flag@3.0.0
45 silly idealTree ├── has-unicode@2.0.1
45 silly idealTree ├── html-encoding-sniffer@2.0.1
45 silly idealTree ├── http-cache-semantics@4.1.0
45 silly idealTree ├── http-signature@1.2.0
45 silly idealTree ├── http2-wrapper@1.0.3
45 silly idealTree ├── https-proxy-agent@5.0.0
45 silly idealTree ├── iconv-lite@0.4.24
45 silly idealTree ├── ieee754@1.2.1
45 silly idealTree ├── image-q@1.1.1
45 silly idealTree ├── imgbb-uploader@1.3.0
45 silly idealTree ├── inflight@1.0.6
45 silly idealTree ├── inherits@2.0.4
45 silly idealTree ├── ip@1.1.5
45 silly idealTree ├── is-accessor-descriptor@1.0.0
45 silly idealTree ├── is-buffer@1.1.6
45 silly idealTree ├── is-data-descriptor@1.0.0
45 silly idealTree ├── is-descriptor@1.0.2
45 silly idealTree ├── is-fullwidth-code-point@1.0.0
45 silly idealTree ├── is-function@1.0.2
45 silly idealTree ├── is-interactive@1.0.0
45 silly idealTree ├─┬ is-number@3.0.0
45 silly idealTree │ └── kind-of@3.2.2
45 silly idealTree ├── is-potential-custom-element-name@1.0.1
45 silly idealTree ├── is-typedarray@1.0.0
45 silly idealTree ├── isarray@1.0.0
45 silly idealTree ├── isexe@2.0.0
45 silly idealTree ├── isstream@0.1.2
45 silly idealTree ├── jimp@0.16.1
45 silly idealTree ├── jmespath@0.15.0
45 silly idealTree ├── joycon@2.2.5
45 silly idealTree ├── jpeg-js@0.4.2
45 silly idealTree ├── jsbn@0.1.1
45 silly idealTree ├─┬ jsdom@16.5.3
45 silly idealTree │ └── tough-cookie@4.0.0
45 silly idealTree ├── json-buffer@3.0.1
45 silly idealTree ├── json-schema-traverse@0.4.1
45 silly idealTree ├── json-schema@0.2.3
45 silly idealTree ├── json-stringify-safe@5.0.1
45 silly idealTree ├── json2csv@4.5.1
45 silly idealTree ├── jsonparse@1.3.1
45 silly idealTree ├── jsprim@1.4.1
45 silly idealTree ├── keyv@4.0.3
45 silly idealTree ├── kind-of@6.0.3
45 silly idealTree ├─┬ lazystream@1.0.0
45 silly idealTree │ ├── readable-stream@2.3.7
45 silly idealTree │ ├── safe-buffer@5.1.2
45 silly idealTree │ └── string_decoder@1.1.1
45 silly idealTree ├── leven@2.1.0
45 silly idealTree ├── levn@0.3.0
45 silly idealTree ├── load-bmfont@1.4.1
45 silly idealTree ├── locate-path@3.0.0
45 silly idealTree ├── lodash.defaults@4.2.0
45 silly idealTree ├── lodash.difference@4.5.0
45 silly idealTree ├── lodash.flatten@4.4.0
45 silly idealTree ├── lodash.get@4.4.2
45 silly idealTree ├── lodash.isplainobject@4.0.6
45 silly idealTree ├── lodash.union@4.6.0
45 silly idealTree ├── lodash@4.17.21
45 silly idealTree ├─┬ log-symbols@3.0.0
45 silly idealTree │ └── chalk@2.4.2
45 silly idealTree ├── lolis.life@4.0.0
45 silly idealTree ├── long@4.0.0
45 silly idealTree ├── lowercase-keys@2.0.0
45 silly idealTree ├── lru-cache@6.0.0
45 silly idealTree ├─┬ make-dir@3.1.0
45 silly idealTree │ └── semver@6.3.0
45 silly idealTree ├── media-typer@1.1.0
45 silly idealTree ├── mime-db@1.47.0
45 silly idealTree ├── mime-types@2.1.30
45 silly idealTree ├── mime@1.6.0
45 silly idealTree ├── mimic-fn@2.1.0
45 silly idealTree ├── mimic-response@1.0.1
45 silly idealTree ├── min-document@2.19.0
45 silly idealTree ├── minimatch@3.0.4
45 silly idealTree ├── minimist@1.2.5
45 silly idealTree ├── minipass@3.1.3
45 silly idealTree ├── minizlib@2.1.2
45 silly idealTree ├── mkdirp@0.5.5
45 silly idealTree ├── moment-timezone@0.5.33
45 silly idealTree ├── moment@2.29.1
45 silly idealTree ├── mri@1.1.4
45 silly idealTree ├── ms@2.1.2
45 silly idealTree ├─┬ multistream@2.1.1
45 silly idealTree │ ├── readable-stream@2.3.7
45 silly idealTree │ ├── safe-buffer@5.1.2
45 silly idealTree │ └── string_decoder@1.1.1
45 silly idealTree ├─┬ music-metadata@7.8.5
45 silly idealTree │ └── file-type@16.4.0
45 silly idealTree ├── mute-stream@0.0.8
45 silly idealTree ├── nan@2.14.2
45 silly idealTree ├── node-fetch@2.6.1
45 silly idealTree ├── nopt@5.0.0
45 silly idealTree ├── normalize-path@3.0.0
45 silly idealTree ├── normalize-url@4.5.0
45 silly idealTree ├── npmlog@4.1.2
45 silly idealTree ├── number-is-nan@1.0.1
45 silly idealTree ├── nwsapi@2.2.0
45 silly idealTree ├── oauth-sign@0.9.0
45 silly idealTree ├── object-assign@4.1.1
45 silly idealTree ├── omggif@1.0.10
45 silly idealTree ├── once@1.4.0
45 silly idealTree ├── onetime@5.1.2
45 silly idealTree ├── optionator@0.8.3
45 silly idealTree ├─┬ ora@4.1.1
45 silly idealTree │ ├── ansi-regex@5.0.0
45 silly idealTree │ ├── ansi-styles@4.3.0
45 silly idealTree │ ├── chalk@3.0.0
45 silly idealTree │ ├── color-convert@2.0.1
45 silly idealTree │ ├── color-name@1.1.4
45 silly idealTree │ ├── has-flag@4.0.0
45 silly idealTree │ ├── strip-ansi@6.0.0
45 silly idealTree │ └── supports-color@7.2.0
45 silly idealTree ├── p-cancelable@2.1.1
45 silly idealTree ├── p-limit@2.3.0
45 silly idealTree ├── p-locate@3.0.0
45 silly idealTree ├── p-try@2.2.0
45 silly idealTree ├── pako@1.0.11
45 silly idealTree ├── parse-bmfont-ascii@1.0.6
45 silly idealTree ├── parse-bmfont-binary@1.0.6
45 silly idealTree ├── parse-bmfont-xml@1.1.4
45 silly idealTree ├── parse-headers@2.0.3
45 silly idealTree ├── parse5@6.0.1
45 silly idealTree ├── path-exists@3.0.0
45 silly idealTree ├── path-is-absolute@1.0.1
45 silly idealTree ├── peek-readable@3.1.3
45 silly idealTree ├── performance-now@2.1.0
45 silly idealTree ├── phin@2.9.3
45 silly idealTree ├── pino-pretty@4.7.1
45 silly idealTree ├── pino-std-serializers@3.2.0
45 silly idealTree ├── pino@6.11.3
45 silly idealTree ├── pixelmatch@4.0.2
45 silly idealTree ├── pngjs@3.4.0
45 silly idealTree ├── prelude-ls@1.1.2
45 silly idealTree ├── process-nextick-args@2.0.1
45 silly idealTree ├── process@0.11.10
45 silly idealTree ├── progress@2.0.3
45 silly idealTree ├── protobufjs@6.11.2
45 silly idealTree ├── psl@1.8.0
45 silly idealTree ├── pump@3.0.0
45 silly idealTree ├── punycode@2.1.1
45 silly idealTree ├── qrcode-terminal@0.12.0
45 silly idealTree ├── qs@6.5.2
45 silly idealTree ├── quick-format-unescaped@4.0.3
45 silly idealTree ├── quick-lru@5.1.1
45 silly idealTree ├── readable-stream@3.6.0
45 silly idealTree ├── readable-web-to-node-stream@3.0.1
45 silly idealTree ├── regenerator-runtime@0.13.7
45 silly idealTree ├── remove.bg@1.3.0
45 silly idealTree ├── request-promise-core@1.1.4
45 silly idealTree ├── request-promise-native@1.0.9
45 silly idealTree ├── request-promise@4.2.6
45 silly idealTree ├── request@2.88.2
45 silly idealTree ├── require-directory@2.1.1
45 silly idealTree ├── require-main-filename@2.0.0
45 silly idealTree ├── resolve-alpn@1.1.2
45 silly idealTree ├── responselike@2.0.0
45 silly idealTree ├── restore-cursor@3.1.0
45 silly idealTree ├── rimraf@3.0.2
45 silly idealTree ├── safe-buffer@5.2.1
45 silly idealTree ├── safer-buffer@2.1.2
45 silly idealTree ├── sax@1.2.4
45 silly idealTree ├── saxes@5.0.1
45 silly idealTree ├── semver@7.3.5
45 silly idealTree ├── set-blocking@2.0.0
45 silly idealTree ├── signal-exit@3.0.3
45 silly idealTree ├── simple-concat@1.0.1
45 silly idealTree ├─┬ simple-get@3.1.0
45 silly idealTree │ ├── decompress-response@4.2.1
45 silly idealTree │ └── mimic-response@2.1.0
45 silly idealTree ├── smart-buffer@4.1.0
45 silly idealTree ├── socks-proxy-agent@5.0.0
45 silly idealTree ├── socks@2.6.1
45 silly idealTree ├── sonic-boom@1.4.1
45 silly idealTree ├── source-map@0.6.1
45 silly idealTree ├─┬ spinnies@0.5.1
45 silly idealTree │ └── chalk@2.4.2
45 silly idealTree ├── split2@3.2.2
45 silly idealTree ├── sshpk@1.16.1
45 silly idealTree ├── stealthy-require@1.1.1
45 silly idealTree ├── string_decoder@1.3.0
45 silly idealTree ├─┬ string-width@1.0.2
45 silly idealTree │ ├── ansi-regex@2.1.1
45 silly idealTree │ └── strip-ansi@3.0.1
45 silly idealTree ├── strip-ansi@5.2.0
45 silly idealTree ├── strip-json-comments@3.1.1
45 silly idealTree ├── strtok3@6.0.8
45 silly idealTree ├── supports-color@5.5.0
45 silly idealTree ├── symbol-tree@3.2.4
45 silly idealTree ├── tar-stream@2.2.0
45 silly idealTree ├─┬ tar@6.1.0
45 silly idealTree │ └── mkdirp@1.0.4
45 silly idealTree ├─┬ tiktok-scraper@1.4.24
45 silly idealTree │ └── async@3.2.0
45 silly idealTree ├── timm@1.7.1
45 silly idealTree ├── tinycolor2@1.4.2
45 silly idealTree ├── token-types@2.1.1
45 silly idealTree ├── tough-cookie@2.5.0
45 silly idealTree ├── tr46@2.0.2
45 silly idealTree ├── tunnel-agent@0.6.0
45 silly idealTree ├── tweetnacl@0.14.5
45 silly idealTree ├── type-check@0.3.2
45 silly idealTree ├── typedarray-to-buffer@3.1.5
45 silly idealTree ├─┬ unirest@0.6.0
45 silly idealTree │ ├── async@0.9.2
45 silly idealTree │ ├── combined-stream@0.0.7
45 silly idealTree │ ├── delayed-stream@0.0.5
45 silly idealTree │ ├── form-data@0.2.0
45 silly idealTree │ ├── mime-db@1.12.0
45 silly idealTree │ ├── mime-types@2.0.14
45 silly idealTree │ └── mime@2.5.2
45 silly idealTree ├── universalify@0.1.2
45 silly idealTree ├── uri-js@4.4.1
45 silly idealTree ├── utif@2.0.1
45 silly idealTree ├── util-deprecate@1.0.2
45 silly idealTree ├── uuid@3.4.0
45 silly idealTree ├── verror@1.10.0
45 silly idealTree ├── w3c-hr-time@1.0.2
45 silly idealTree ├── w3c-xmlserializer@2.0.0
45 silly idealTree ├── wcwidth@1.0.1
45 silly idealTree ├── webidl-conversions@6.1.0
45 silly idealTree ├── whatwg-encoding@1.0.5
45 silly idealTree ├── whatwg-mimetype@2.3.0
45 silly idealTree ├── whatwg-url@8.5.0
45 silly idealTree ├── which-module@2.0.0
45 silly idealTree ├── which@1.3.1
45 silly idealTree ├── wide-align@1.1.3
45 silly idealTree ├── window-size@1.1.1
45 silly idealTree ├── word-wrap@1.2.3
45 silly idealTree ├─┬ wrap-ansi@5.1.0
45 silly idealTree │ ├── is-fullwidth-code-point@2.0.0
45 silly idealTree │ └── string-width@3.1.0
45 silly idealTree ├── wrappy@1.0.2
45 silly idealTree ├── ws@7.4.5
45 silly idealTree ├── xhr@2.6.0
45 silly idealTree ├── xml-name-validator@3.0.0
45 silly idealTree ├── xml-parse-from-string@1.0.1
45 silly idealTree ├── xml2js@0.4.23
45 silly idealTree ├── xmlbuilder@11.0.1
45 silly idealTree ├── xmlchars@2.2.0
45 silly idealTree ├── xtend@4.0.2
45 silly idealTree ├── y18n@4.0.3
45 silly idealTree ├── yallist@4.0.0
45 silly idealTree ├── yargs-parser@15.0.1
45 silly idealTree ├─┬ yargs@14.2.3
45 silly idealTree │ ├── is-fullwidth-code-point@2.0.0
45 silly idealTree │ └── string-width@3.1.0
45 silly idealTree └── zip-stream@2.1.3
46 silly install generateActionsToTake
47 timing stage:generateActionsToTake Completed in 256ms
48 silly diffTrees action count 5
49 silly diffTrees add detect-libc@1.0.3
50 silly diffTrees add @mapbox/node-pre-gyp@1.0.5
51 silly diffTrees add canvas@2.8.0
52 silly diffTrees add async@3.2.0
53 silly diffTrees add tiktok-scraper@1.4.24
54 silly decomposeActions action count 40
55 silly decomposeActions fetch detect-libc@1.0.3
56 silly decomposeActions extract detect-libc@1.0.3
57 silly decomposeActions preinstall detect-libc@1.0.3
58 silly decomposeActions build detect-libc@1.0.3
59 silly decomposeActions install detect-libc@1.0.3
60 silly decomposeActions postinstall detect-libc@1.0.3
61 silly decomposeActions finalize detect-libc@1.0.3
62 silly decomposeActions refresh-package-json detect-libc@1.0.3
63 silly decomposeActions fetch @mapbox/node-pre-gyp@1.0.5
64 silly decomposeActions extract @mapbox/node-pre-gyp@1.0.5
65 silly decomposeActions preinstall @mapbox/node-pre-gyp@1.0.5
66 silly decomposeActions build @mapbox/node-pre-gyp@1.0.5
67 silly decomposeActions install @mapbox/node-pre-gyp@1.0.5
68 silly decomposeActions postinstall @mapbox/node-pre-gyp@1.0.5
69 silly decomposeActions finalize @mapbox/node-pre-gyp@1.0.5
70 silly decomposeActions refresh-package-json @mapbox/node-pre-gyp@1.0.5
71 silly decomposeActions fetch canvas@2.8.0
72 silly decomposeActions extract canvas@2.8.0
73 silly decomposeActions preinstall canvas@2.8.0
74 silly decomposeActions build canvas@2.8.0
75 silly decomposeActions install canvas@2.8.0
76 silly decomposeActions postinstall canvas@2.8.0
77 silly decomposeActions finalize canvas@2.8.0
78 silly decomposeActions refresh-package-json canvas@2.8.0
79 silly decomposeActions fetch async@3.2.0
80 silly decomposeActions extract async@3.2.0
81 silly decomposeActions preinstall async@3.2.0
82 silly decomposeActions build async@3.2.0
83 silly decomposeActions install async@3.2.0
84 silly decomposeActions postinstall async@3.2.0
85 silly decomposeActions finalize async@3.2.0
86 silly decomposeActions refresh-package-json async@3.2.0
87 silly decomposeActions fetch tiktok-scraper@1.4.24
88 silly decomposeActions extract tiktok-scraper@1.4.24
89 silly decomposeActions preinstall tiktok-scraper@1.4.24
90 silly decomposeActions build tiktok-scraper@1.4.24
91 silly decomposeActions install tiktok-scraper@1.4.24
92 silly decomposeActions postinstall tiktok-scraper@1.4.24
93 silly decomposeActions finalize tiktok-scraper@1.4.24
94 silly decomposeActions refresh-package-json tiktok-scraper@1.4.24
95 silly install executeActions
96 silly doSerial global-install 40
97 verbose correctMkdir /data/data/com.termux/files/home/.npm/_locks correctMkdir not in flight; initializing
98 verbose lock using /data/data/com.termux/files/home/.npm/_locks/staging-42d1b12ba2ff717d.lock for /storage/emulated/0/Download/PRIVATE/node_modules/.staging
99 silly doParallel extract 5
100 silly extract detect-libc@1.0.3
101 silly extract @mapbox/node-pre-gyp@1.0.5
102 silly extract canvas@2.8.0
103 silly extract async@3.2.0
104 silly extract tiktok-scraper@1.4.24
105 silly tarball trying detect-libc@^1.0.3 by hash: sha1-+hN8S9aY7fVc1c0CrFWfkaTEups=
106 silly tarball trying @mapbox/node-pre-gyp@^1.0.0 by hash: sha512-4srsKPXWlIxp5Vbqz5uLfBN+du2fJChBoYn/f2h991WLdk7jUvcSk/McVLSv/X+xQIPI8eGD5GjrnygdyHnhPA==
107 silly tarball trying canvas@^2.7.0 by hash: sha512-gLTi17X8WY9Cf5GZ2Yns8T5lfBOcGgFehDFb+JQwDqdOoBOcECS9ZWMEAqMSVcMYwXD659J8NyzjRY/2aE+C2Q==
108 silly tarball trying async@^3.1.0 by hash: sha512-TR2mEZFVOj2pLStYxLht7TyfuRzaydfpxr3k9RpHIzMgw7A64dzsdqCxH1WJyQdoe8T10nDXd9wnEigmiuHIZw==
109 silly tarball trying tiktok-scraper@^1.4.7 by hash: sha512-GjDkvoTpdGfsLou0CEJc84dZdoG7vlWDefTwuktDi3BtN4bZiCNyyKdt7MgQ0y/ZUMkUpmcEzSfvLv8g7CCvPg==
110 silly extract detect-libc@^1.0.3 extracted to /storage/emulated/0/Download/PRIVATE/node_modules/.staging/detect-libc-ee1fe802 (475ms)
111 silly extract @mapbox/node-pre-gyp@^1.0.0 extracted to /storage/emulated/0/Download/PRIVATE/node_modules/.staging/@mapbox/node-pre-gyp-9b9eb5a5 (668ms)
112 silly extract tiktok-scraper@^1.4.7 extracted to /storage/emulated/0/Download/PRIVATE/node_modules/.staging/tiktok-scraper-99cdfb53 (699ms)
113 silly extract canvas@^2.7.0 extracted to /storage/emulated/0/Download/PRIVATE/node_modules/.staging/canvas-70c44c66 (787ms)
114 silly extract async@^3.1.0 extracted to /storage/emulated/0/Download/PRIVATE/node_modules/.staging/async-788e011c (906ms)
115 timing action:extract Completed in 925ms
116 silly doReverseSerial unbuild 40
117 silly doSerial remove 40
118 silly doSerial move 40
119 silly doSerial finalize 40
120 silly finalize /storage/emulated/0/Download/PRIVATE/node_modules/detect-libc
121 silly finalize /storage/emulated/0/Download/PRIVATE/node_modules/@mapbox/node-pre-gyp
122 silly finalize /storage/emulated/0/Download/PRIVATE/node_modules/canvas
123 silly finalize /storage/emulated/0/Download/PRIVATE/node_modules/tiktok-scraper/node_modules/async
124 silly finalize /storage/emulated/0/Download/PRIVATE/node_modules/tiktok-scraper
125 timing action:finalize Completed in 81ms
126 silly doParallel refresh-package-json 5
127 silly refresh-package-json /storage/emulated/0/Download/PRIVATE/node_modules/detect-libc
128 silly refresh-package-json /storage/emulated/0/Download/PRIVATE/node_modules/@mapbox/node-pre-gyp
129 silly refresh-package-json /storage/emulated/0/Download/PRIVATE/node_modules/canvas
130 silly refresh-package-json /storage/emulated/0/Download/PRIVATE/node_modules/tiktok-scraper/node_modules/async
131 silly refresh-package-json /storage/emulated/0/Download/PRIVATE/node_modules/tiktok-scraper
132 timing action:refresh-package-json Completed in 143ms
133 silly doParallel preinstall 5
134 silly preinstall detect-libc@1.0.3
135 info lifecycle detect-libc@1.0.3~preinstall: detect-libc@1.0.3
136 silly preinstall @mapbox/node-pre-gyp@1.0.5
137 info lifecycle @mapbox/node-pre-gyp@1.0.5~preinstall: @mapbox/node-pre-gyp@1.0.5
138 silly preinstall canvas@2.8.0
139 info lifecycle canvas@2.8.0~preinstall: canvas@2.8.0
140 silly preinstall async@3.2.0
141 info lifecycle async@3.2.0~preinstall: async@3.2.0
142 silly preinstall tiktok-scraper@1.4.24
143 info lifecycle tiktok-scraper@1.4.24~preinstall: tiktok-scraper@1.4.24
144 timing action:preinstall Completed in 10ms
145 silly doSerial build 40
146 silly build detect-libc@1.0.3
147 info linkStuff detect-libc@1.0.3
148 silly linkStuff detect-libc@1.0.3 has /storage/emulated/0/Download/PRIVATE/node_modules as its parent node_modules
149 verbose linkBins [
149 verbose linkBins   { 'detect-libc': 'bin/detect-libc.js' },
149 verbose linkBins   '/storage/emulated/0/Download/PRIVATE/node_modules/.bin',
149 verbose linkBins   false
149 verbose linkBins ]
150 silly gently link link does not already exist {
150 silly gently link   link: '/storage/emulated/0/Download/PRIVATE/node_modules/.bin/detect-libc',
150 silly gently link   target: '/storage/emulated/0/Download/PRIVATE/node_modules/detect-libc/bin/detect-libc.js'
150 silly gently link }
151 timing action:build Completed in 50ms
152 verbose unlock done using /data/data/com.termux/files/home/.npm/_locks/staging-42d1b12ba2ff717d.lock for /storage/emulated/0/Download/PRIVATE/node_modules/.staging
153 timing audit submit Completed in 1326ms
154 http fetch POST 200 https://registry.npmjs.org/-/npm/v1/security/audits/quick 1331ms
155 timing audit body Completed in 16ms
156 timing stage:rollbackFailedOptional Completed in 340ms
157 timing stage:runTopLevelLifecycles Completed in 22105ms
158 silly saveTree Kirito-san@0.0.2
158 silly saveTree ├─┬ @adiwajshing/baileys@3.5.0
158 silly saveTree │ ├── @adiwajshing/keyed-db@0.2.4
158 silly saveTree │ ├── curve25519-js@0.0.4
158 silly saveTree │ ├── futoin-hkdf@1.3.3
158 silly saveTree │ ├─┬ got@11.8.2
158 silly saveTree │ │ ├── @sindresorhus/is@4.0.1
158 silly saveTree │ │ ├─┬ @szmarczak/http-timer@4.0.5
158 silly saveTree │ │ │ └── defer-to-connect@2.0.1
158 silly saveTree │ │ ├─┬ @types/cacheable-request@6.0.1
158 silly saveTree │ │ │ ├── @types/http-cache-semantics@4.0.0
158 silly saveTree │ │ │ ├─┬ @types/keyv@3.1.1
158 silly saveTree │ │ │ │ └── @types/node@15.0.2
158 silly saveTree │ │ │ ├── @types/node@15.0.2
158 silly saveTree │ │ │ └── @types/responselike@1.0.0
158 silly saveTree │ │ ├── @types/responselike@1.0.0
158 silly saveTree │ │ ├── cacheable-lookup@5.0.4
158 silly saveTree │ │ ├─┬ cacheable-request@7.0.1
158 silly saveTree │ │ │ ├─┬ clone-response@1.0.2
158 silly saveTree │ │ │ │ └── mimic-response@1.0.1
158 silly saveTree │ │ │ ├─┬ get-stream@5.2.0
158 silly saveTree │ │ │ │ └─┬ pump@3.0.0
158 silly saveTree │ │ │ │   ├─┬ end-of-stream@1.4.4
158 silly saveTree │ │ │ │   │ └─┬ once@1.4.0
158 silly saveTree │ │ │ │   │   └── wrappy@1.0.2
158 silly saveTree │ │ │ │   └── once@1.4.0
158 silly saveTree │ │ │ ├── http-cache-semantics@4.1.0
158 silly saveTree │ │ │ ├─┬ keyv@4.0.3
158 silly saveTree │ │ │ │ └── json-buffer@3.0.1
158 silly saveTree │ │ │ ├── lowercase-keys@2.0.0
158 silly saveTree │ │ │ ├── normalize-url@4.5.0
158 silly saveTree │ │ │ └── responselike@2.0.0
158 silly saveTree │ │ ├─┬ decompress-response@6.0.0
158 silly saveTree │ │ │ └── mimic-response@3.1.0
158 silly saveTree │ │ ├─┬ http2-wrapper@1.0.3
158 silly saveTree │ │ │ ├── quick-lru@5.1.1
158 silly saveTree │ │ │ └── resolve-alpn@1.1.2
158 silly saveTree │ │ ├── lowercase-keys@2.0.0
158 silly saveTree │ │ ├── p-cancelable@2.1.1
158 silly saveTree │ │ └── responselike@2.0.0
158 silly saveTree │ ├─┬ https-proxy-agent@5.0.0
158 silly saveTree │ │ ├─┬ agent-base@6.0.2
158 silly saveTree │ │ │ └─┬ debug@4.3.1
158 silly saveTree │ │ │   └── ms@2.1.2
158 silly saveTree │ │ └── debug@4.3.1
158 silly saveTree │ ├─┬ jimp@0.16.1
158 silly saveTree │ │ ├─┬ @babel/runtime@7.14.0
158 silly saveTree │ │ │ └── regenerator-runtime@0.13.7
158 silly saveTree │ │ ├─┬ @jimp/custom@0.16.1
158 silly saveTree │ │ │ └─┬ @jimp/core@0.16.1
158 silly saveTree │ │ │   ├── @jimp/utils@0.16.1
158 silly saveTree │ │ │   ├── any-base@1.1.0
158 silly saveTree │ │ │   ├─┬ buffer@5.7.1
158 silly saveTree │ │ │   │ ├── base64-js@1.5.1
158 silly saveTree │ │ │   │ └── ieee754@1.2.1
158 silly saveTree │ │ │   ├── exif-parser@0.1.12
158 silly saveTree │ │ │   ├── file-type@9.0.0
158 silly saveTree │ │ │   ├─┬ load-bmfont@1.4.1
158 silly saveTree │ │ │   │ ├── buffer-equal@0.0.1
158 silly saveTree │ │ │   │ ├── mime@1.6.0
158 silly saveTree │ │ │   │ ├── parse-bmfont-ascii@1.0.6
158 silly saveTree │ │ │   │ ├── parse-bmfont-binary@1.0.6
158 silly saveTree │ │ │   │ ├─┬ parse-bmfont-xml@1.1.4
158 silly saveTree │ │ │   │ │ ├── xml-parse-from-string@1.0.1
158 silly saveTree │ │ │   │ │ └─┬ xml2js@0.4.23
158 silly saveTree │ │ │   │ │   ├── sax@1.2.4
158 silly saveTree │ │ │   │ │   └── xmlbuilder@11.0.1
158 silly saveTree │ │ │   │ ├── phin@2.9.3
158 silly saveTree │ │ │   │ ├─┬ xhr@2.6.0
158 silly saveTree │ │ │   │ │ ├─┬ global@4.4.0
158 silly saveTree │ │ │   │ │ │ ├─┬ min-document@2.19.0
158 silly saveTree │ │ │   │ │ │ │ └── dom-walk@0.1.2
158 silly saveTree │ │ │   │ │ │ └── process@0.11.10
158 silly saveTree │ │ │   │ │ ├── is-function@1.0.2
158 silly saveTree │ │ │   │ │ ├── parse-headers@2.0.3
158 silly saveTree │ │ │   │ │ └── xtend@4.0.2
158 silly saveTree │ │ │   │ └── xtend@4.0.2
158 silly saveTree │ │ │   ├─┬ mkdirp@0.5.5
158 silly saveTree │ │ │   │ └── minimist@1.2.5
158 silly saveTree │ │ │   ├── phin@2.9.3
158 silly saveTree │ │ │   ├─┬ pixelmatch@4.0.2
158 silly saveTree │ │ │   │ └── pngjs@3.4.0
158 silly saveTree │ │ │   └── tinycolor2@1.4.2
158 silly saveTree │ │ ├─┬ @jimp/plugins@0.16.1
158 silly saveTree │ │ │ ├── @jimp/plugin-blit@0.16.1
158 silly saveTree │ │ │ ├── @jimp/plugin-blur@0.16.1
158 silly saveTree │ │ │ ├── @jimp/plugin-circle@0.16.1
158 silly saveTree │ │ │ ├── @jimp/plugin-color@0.16.1
158 silly saveTree │ │ │ ├── @jimp/plugin-contain@0.16.1
158 silly saveTree │ │ │ ├── @jimp/plugin-cover@0.16.1
158 silly saveTree │ │ │ ├── @jimp/plugin-crop@0.16.1
158 silly saveTree │ │ │ ├── @jimp/plugin-displace@0.16.1
158 silly saveTree │ │ │ ├── @jimp/plugin-dither@0.16.1
158 silly saveTree │ │ │ ├── @jimp/plugin-fisheye@0.16.1
158 silly saveTree │ │ │ ├── @jimp/plugin-flip@0.16.1
158 silly saveTree │ │ │ ├── @jimp/plugin-gaussian@0.16.1
158 silly saveTree │ │ │ ├── @jimp/plugin-invert@0.16.1
158 silly saveTree │ │ │ ├── @jimp/plugin-mask@0.16.1
158 silly saveTree │ │ │ ├── @jimp/plugin-normalize@0.16.1
158 silly saveTree │ │ │ ├── @jimp/plugin-print@0.16.1
158 silly saveTree │ │ │ ├── @jimp/plugin-resize@0.16.1
158 silly saveTree │ │ │ ├── @jimp/plugin-rotate@0.16.1
158 silly saveTree │ │ │ ├── @jimp/plugin-scale@0.16.1
158 silly saveTree │ │ │ ├── @jimp/plugin-shadow@0.16.1
158 silly saveTree │ │ │ ├── @jimp/plugin-threshold@0.16.1
158 silly saveTree │ │ │ └── timm@1.7.1
158 silly saveTree │ │ ├─┬ @jimp/types@0.16.1
158 silly saveTree │ │ │ ├─┬ @jimp/bmp@0.16.1
158 silly saveTree │ │ │ │ └── bmp-js@0.1.0
158 silly saveTree │ │ │ ├─┬ @jimp/gif@0.16.1
158 silly saveTree │ │ │ │ ├─┬ gifwrap@0.9.2
158 silly saveTree │ │ │ │ │ ├── image-q@1.1.1
158 silly saveTree │ │ │ │ │ └── omggif@1.0.10
158 silly saveTree │ │ │ │ └── omggif@1.0.10
158 silly saveTree │ │ │ ├─┬ @jimp/jpeg@0.16.1
158 silly saveTree │ │ │ │ └── jpeg-js@0.4.2
158 silly saveTree │ │ │ ├── @jimp/png@0.16.1
158 silly saveTree │ │ │ └─┬ @jimp/tiff@0.16.1
158 silly saveTree │ │ │   └─┬ utif@2.0.1
158 silly saveTree │ │ │     └── pako@1.0.11
158 silly saveTree │ │ └── regenerator-runtime@0.13.7
158 silly saveTree │ ├─┬ music-metadata@7.8.5
158 silly saveTree │ │ ├── content-type@1.0.4
158 silly saveTree │ │ ├─┬ file-type@16.4.0
158 silly saveTree │ │ │ ├─┬ readable-web-to-node-stream@3.0.1
158 silly saveTree │ │ │ │ ├─┬ @types/readable-stream@2.3.9
158 silly saveTree │ │ │ │ │ └── safe-buffer@5.2.1
158 silly saveTree │ │ │ │ └─┬ readable-stream@3.6.0
158 silly saveTree │ │ │ │   ├── inherits@2.0.4
158 silly saveTree │ │ │ │   ├── string_decoder@1.3.0
158 silly saveTree │ │ │ │   └── util-deprecate@1.0.2
158 silly saveTree │ │ │ ├─┬ strtok3@6.0.8
158 silly saveTree │ │ │ │ ├── @tokenizer/token@0.1.1
158 silly saveTree │ │ │ │ ├── @types/debug@4.1.5
158 silly saveTree │ │ │ │ └── peek-readable@3.1.3
158 silly saveTree │ │ │ ├── token-types@2.1.1
158 silly saveTree │ │ │ └─┬ typedarray-to-buffer@3.1.5
158 silly saveTree │ │ │   └── is-typedarray@1.0.0
158 silly saveTree │ │ ├── media-typer@1.1.0
158 silly saveTree │ │ ├── strtok3@6.0.8
158 silly saveTree │ │ └── token-types@2.1.1
158 silly saveTree │ ├─┬ pino-pretty@4.7.1
158 silly saveTree │ │ ├── @hapi/bourne@2.0.0
158 silly saveTree │ │ ├─┬ args@5.0.1
158 silly saveTree │ │ │ ├── camelcase@5.0.0
158 silly saveTree │ │ │ ├─┬ chalk@2.4.2
158 silly saveTree │ │ │ │ ├─┬ ansi-styles@3.2.1
158 silly saveTree │ │ │ │ │ └─┬ color-convert@1.9.3
158 silly saveTree │ │ │ │ │   └── color-name@1.1.3
158 silly saveTree │ │ │ │ ├── escape-string-regexp@1.0.5
158 silly saveTree │ │ │ │ └─┬ supports-color@5.5.0
158 silly saveTree │ │ │ │   └── has-flag@3.0.0
158 silly saveTree │ │ │ ├── leven@2.1.0
158 silly saveTree │ │ │ └── mri@1.1.4
158 silly saveTree │ │ ├─┬ chalk@4.1.1
158 silly saveTree │ │ │ ├─┬ ansi-styles@4.3.0
158 silly saveTree │ │ │ │ └─┬ color-convert@2.0.1
158 silly saveTree │ │ │ │   └── color-name@1.1.4
158 silly saveTree │ │ │ └─┬ supports-color@7.2.0
158 silly saveTree │ │ │   └── has-flag@4.0.0
158 silly saveTree │ │ ├── dateformat@4.5.1
158 silly saveTree │ │ ├── fast-safe-stringify@2.0.7
158 silly saveTree │ │ ├── jmespath@0.15.0
158 silly saveTree │ │ ├── joycon@2.2.5
158 silly saveTree │ │ ├── split2@3.2.2
158 silly saveTree │ │ └── strip-json-comments@3.1.1
158 silly saveTree │ ├─┬ pino@6.11.3
158 silly saveTree │ │ ├── fast-redact@3.0.1
158 silly saveTree │ │ ├── flatstr@1.0.12
158 silly saveTree │ │ ├── pino-std-serializers@3.2.0
158 silly saveTree │ │ ├── quick-format-unescaped@4.0.3
158 silly saveTree │ │ └─┬ sonic-boom@1.4.1
158 silly saveTree │ │   └── atomic-sleep@1.0.0
158 silly saveTree │ ├─┬ protobufjs@6.11.2
158 silly saveTree │ │ ├── @protobufjs/aspromise@1.1.2
158 silly saveTree │ │ ├── @protobufjs/base64@1.1.2
158 silly saveTree │ │ ├── @protobufjs/codegen@2.0.4
158 silly saveTree │ │ ├── @protobufjs/eventemitter@1.1.0
158 silly saveTree │ │ ├─┬ @protobufjs/fetch@1.1.0
158 silly saveTree │ │ │ └── @protobufjs/inquire@1.1.0
158 silly saveTree │ │ ├── @protobufjs/float@1.0.2
158 silly saveTree │ │ ├── @protobufjs/inquire@1.1.0
158 silly saveTree │ │ ├── @protobufjs/path@1.1.2
158 silly saveTree │ │ ├── @protobufjs/pool@1.1.0
158 silly saveTree │ │ ├── @protobufjs/utf8@1.1.0
158 silly saveTree │ │ ├── @types/long@4.0.1
158 silly saveTree │ │ └── long@4.0.0
158 silly saveTree │ ├── qrcode-terminal@0.12.0
158 silly saveTree │ └── ws@7.4.5
158 silly saveTree ├─┬ @kagchi/kag-api@1.5.5
158 silly saveTree │ └─┬ axios@0.20.0
158 silly saveTree │   └── follow-redirects@1.14.0
158 silly saveTree ├─┬ async@2.6.3
158 silly saveTree │ └── lodash@4.17.21
158 silly saveTree ├── axios@0.21.1
158 silly saveTree ├─┬ cfonts@2.9.1
158 silly saveTree │ └─┬ window-size@1.1.1
158 silly saveTree │   ├─┬ define-property@1.0.0
158 silly saveTree │   │ └─┬ is-descriptor@1.0.2
158 silly saveTree │   │   ├─┬ is-accessor-descriptor@1.0.0
158 silly saveTree │   │   │ └── kind-of@6.0.3
158 silly saveTree │   │   ├── is-data-descriptor@1.0.0
158 silly saveTree │   │   └── kind-of@6.0.3
158 silly saveTree │   └─┬ is-number@3.0.0
158 silly saveTree │     └─┬ kind-of@3.2.2
158 silly saveTree │       └── is-buffer@1.1.6
158 silly saveTree ├── escape-string-regexp@1.0.5
158 silly saveTree ├── fake-useragent@1.0.1
158 silly saveTree ├─┬ fluent-ffmpeg@2.1.2
158 silly saveTree │ └─┬ which@1.3.1
158 silly saveTree │   └── isexe@2.0.0
158 silly saveTree ├── imgbb-uploader@1.3.0
158 silly saveTree ├── lolis.life@4.0.0
158 silly saveTree ├─┬ moment-timezone@0.5.33
158 silly saveTree │ └── moment@2.29.1
158 silly saveTree ├─┬ multistream@2.1.1
158 silly saveTree │ └─┬ readable-stream@2.3.7
158 silly saveTree │   ├── core-util-is@1.0.2
158 silly saveTree │   ├── isarray@1.0.0
158 silly saveTree │   ├── process-nextick-args@2.0.1
158 silly saveTree │   ├── safe-buffer@5.1.2
158 silly saveTree │   └── string_decoder@1.1.1
158 silly saveTree ├── node-fetch@2.6.1
158 silly saveTree ├─┬ remove.bg@1.3.0
158 silly saveTree │ ├─┬ request@2.88.2
158 silly saveTree │ │ ├── aws-sign2@0.7.0
158 silly saveTree │ │ ├── aws4@1.11.0
158 silly saveTree │ │ ├── caseless@0.12.0
158 silly saveTree │ │ ├─┬ combined-stream@1.0.8
158 silly saveTree │ │ │ └── delayed-stream@1.0.0
158 silly saveTree │ │ ├── extend@3.0.2
158 silly saveTree │ │ ├── forever-agent@0.6.1
158 silly saveTree │ │ ├─┬ form-data@2.3.3
158 silly saveTree │ │ │ ├── asynckit@0.4.0
158 silly saveTree │ │ │ └─┬ mime-types@2.1.30
158 silly saveTree │ │ │   └── mime-db@1.47.0
158 silly saveTree │ │ ├─┬ har-validator@5.1.5
158 silly saveTree │ │ │ ├─┬ ajv@6.12.6
158 silly saveTree │ │ │ │ ├── fast-deep-equal@3.1.3
158 silly saveTree │ │ │ │ ├── fast-json-stable-stringify@2.1.0
158 silly saveTree │ │ │ │ ├── json-schema-traverse@0.4.1
158 silly saveTree │ │ │ │ └─┬ uri-js@4.4.1
158 silly saveTree │ │ │ │   └── punycode@2.1.1
158 silly saveTree │ │ │ └── har-schema@2.0.0
158 silly saveTree │ │ ├─┬ http-signature@1.2.0
158 silly saveTree │ │ │ ├── assert-plus@1.0.0
158 silly saveTree │ │ │ ├─┬ jsprim@1.4.1
158 silly saveTree │ │ │ │ ├── extsprintf@1.3.0
158 silly saveTree │ │ │ │ ├── json-schema@0.2.3
158 silly saveTree │ │ │ │ └── verror@1.10.0
158 silly saveTree │ │ │ └─┬ sshpk@1.16.1
158 silly saveTree │ │ │   ├─┬ asn1@0.2.4
158 silly saveTree │ │ │   │ └── safer-buffer@2.1.2
158 silly saveTree │ │ │   ├─┬ bcrypt-pbkdf@1.0.2
158 silly saveTree │ │ │   │ └── tweetnacl@0.14.5
158 silly saveTree │ │ │   ├── dashdash@1.14.1
158 silly saveTree │ │ │   ├─┬ ecc-jsbn@0.1.2
158 silly saveTree │ │ │   │ └── jsbn@0.1.1
158 silly saveTree │ │ │   ├── getpass@0.1.7
158 silly saveTree │ │ │   ├── jsbn@0.1.1
158 silly saveTree │ │ │   ├── safer-buffer@2.1.2
158 silly saveTree │ │ │   └── tweetnacl@0.14.5
158 silly saveTree │ │ ├── isstream@0.1.2
158 silly saveTree │ │ ├── json-stringify-safe@5.0.1
158 silly saveTree │ │ ├── mime-types@2.1.30
158 silly saveTree │ │ ├── oauth-sign@0.9.0
158 silly saveTree │ │ ├── performance-now@2.1.0
158 silly saveTree │ │ ├── qs@6.5.2
158 silly saveTree │ │ ├─┬ tough-cookie@2.5.0
158 silly saveTree │ │ │ └── psl@1.8.0
158 silly saveTree │ │ ├── tunnel-agent@0.6.0
158 silly saveTree │ │ └── uuid@3.4.0
158 silly saveTree │ └─┬ unirest@0.6.0
158 silly saveTree │   ├─┬ form-data@0.2.0
158 silly saveTree │   │ ├── async@0.9.2
158 silly saveTree │   │ ├─┬ combined-stream@0.0.7
158 silly saveTree │   │ │ └── delayed-stream@0.0.5
158 silly saveTree │   │ └─┬ mime-types@2.0.14
158 silly saveTree │   │   └── mime-db@1.12.0
158 silly saveTree │   └── mime@2.5.2
158 silly saveTree ├── request@2.88.2
158 silly saveTree ├─┬ spinnies@0.5.1
158 silly saveTree │ ├── chalk@2.4.2
158 silly saveTree │ ├─┬ cli-cursor@3.1.0
158 silly saveTree │ │ └─┬ restore-cursor@3.1.0
158 silly saveTree │ │   ├─┬ onetime@5.1.2
158 silly saveTree │ │   │ └── mimic-fn@2.1.0
158 silly saveTree │ │   └── signal-exit@3.0.3
158 silly saveTree │ └─┬ strip-ansi@5.2.0
158 silly saveTree │   └── ansi-regex@4.1.0
158 silly saveTree └─┬ tiktok-scraper@1.4.24
158 silly saveTree   ├─┬ archiver@3.1.1
158 silly saveTree   │ ├─┬ archiver-utils@2.1.0
158 silly saveTree   │ │ ├─┬ glob@7.1.7
158 silly saveTree   │ │ │ ├── fs.realpath@1.0.0
158 silly saveTree   │ │ │ ├── inflight@1.0.6
158 silly saveTree   │ │ │ ├─┬ minimatch@3.0.4
158 silly saveTree   │ │ │ │ └─┬ brace-expansion@1.1.11
158 silly saveTree   │ │ │ │   ├── balanced-match@1.0.2
158 silly saveTree   │ │ │ │   └── concat-map@0.0.1
158 silly saveTree   │ │ │ └── path-is-absolute@1.0.1
158 silly saveTree   │ │ ├── graceful-fs@4.2.6
158 silly saveTree   │ │ ├─┬ lazystream@1.0.0
158 silly saveTree   │ │ │ └─┬ readable-stream@2.3.7
158 silly saveTree   │ │ │   ├── safe-buffer@5.1.2
158 silly saveTree   │ │ │   └── string_decoder@1.1.1
158 silly saveTree   │ │ ├── lodash.defaults@4.2.0
158 silly saveTree   │ │ ├── lodash.difference@4.5.0
158 silly saveTree   │ │ ├── lodash.flatten@4.4.0
158 silly saveTree   │ │ ├── lodash.isplainobject@4.0.6
158 silly saveTree   │ │ ├── lodash.union@4.6.0
158 silly saveTree   │ │ ├── normalize-path@3.0.0
158 silly saveTree   │ │ └─┬ readable-stream@2.3.7
158 silly saveTree   │ │   ├── safe-buffer@5.1.2
158 silly saveTree   │ │   └── string_decoder@1.1.1
158 silly saveTree   │ ├── buffer-crc32@0.2.13
158 silly saveTree   │ ├── glob@7.1.7
158 silly saveTree   │ ├─┬ tar-stream@2.2.0
158 silly saveTree   │ │ ├── bl@4.1.0
158 silly saveTree   │ │ └── fs-constants@1.0.0
158 silly saveTree   │ └─┬ zip-stream@2.1.3
158 silly saveTree   │   └─┬ compress-commons@2.1.1
158 silly saveTree   │     ├─┬ crc32-stream@3.0.1
158 silly saveTree   │     │ └── crc@3.8.0
158 silly saveTree   │     └─┬ readable-stream@2.3.7
158 silly saveTree   │       ├── safe-buffer@5.1.2
158 silly saveTree   │       └── string_decoder@1.1.1
158 silly saveTree   ├── async@3.2.0
158 silly saveTree   ├── bluebird@3.7.2
158 silly saveTree   ├─┬ canvas@2.8.0
158 silly saveTree   │ ├─┬ @mapbox/node-pre-gyp@1.0.5
158 silly saveTree   │ │ ├── detect-libc@1.0.3
158 silly saveTree   │ │ ├─┬ make-dir@3.1.0
158 silly saveTree   │ │ │ └── semver@6.3.0
158 silly saveTree   │ │ ├─┬ nopt@5.0.0
158 silly saveTree   │ │ │ └── abbrev@1.1.1
158 silly saveTree   │ │ ├─┬ npmlog@4.1.2
158 silly saveTree   │ │ │ ├─┬ are-we-there-yet@1.1.5
158 silly saveTree   │ │ │ │ ├── delegates@1.0.0
158 silly saveTree   │ │ │ │ └─┬ readable-stream@2.3.7
158 silly saveTree   │ │ │ │   ├── safe-buffer@5.1.2
158 silly saveTree   │ │ │ │   └── string_decoder@1.1.1
158 silly saveTree   │ │ │ ├── console-control-strings@1.1.0
158 silly saveTree   │ │ │ ├─┬ gauge@2.7.4
158 silly saveTree   │ │ │ │ ├── aproba@1.2.0
158 silly saveTree   │ │ │ │ ├── has-unicode@2.0.1
158 silly saveTree   │ │ │ │ ├── object-assign@4.1.1
158 silly saveTree   │ │ │ │ ├─┬ string-width@1.0.2
158 silly saveTree   │ │ │ │ │ ├── code-point-at@1.1.0
158 silly saveTree   │ │ │ │ │ ├─┬ is-fullwidth-code-point@1.0.0
158 silly saveTree   │ │ │ │ │ │ └── number-is-nan@1.0.1
158 silly saveTree   │ │ │ │ │ └─┬ strip-ansi@3.0.1
158 silly saveTree   │ │ │ │ │   └── ansi-regex@2.1.1
158 silly saveTree   │ │ │ │ ├─┬ strip-ansi@3.0.1
158 silly saveTree   │ │ │ │ │ └── ansi-regex@2.1.1
158 silly saveTree   │ │ │ │ └── wide-align@1.1.3
158 silly saveTree   │ │ │ └── set-blocking@2.0.0
158 silly saveTree   │ │ ├── rimraf@3.0.2
158 silly saveTree   │ │ ├─┬ semver@7.3.5
158 silly saveTree   │ │ │ └─┬ lru-cache@6.0.0
158 silly saveTree   │ │ │   └── yallist@4.0.0
158 silly saveTree   │ │ └─┬ tar@6.1.0
158 silly saveTree   │ │   ├── chownr@2.0.0
158 silly saveTree   │ │   ├─┬ fs-minipass@2.1.0
158 silly saveTree   │ │   │ └── minipass@3.1.3
158 silly saveTree   │ │   ├── minipass@3.1.3
158 silly saveTree   │ │   ├── minizlib@2.1.2
158 silly saveTree   │ │   └── mkdirp@1.0.4
158 silly saveTree   │ ├── nan@2.14.2
158 silly saveTree   │ └─┬ simple-get@3.1.0
158 silly saveTree   │   ├─┬ decompress-response@4.2.1
158 silly saveTree   │   │ └── mimic-response@2.1.0
158 silly saveTree   │   └── simple-concat@1.0.1
158 silly saveTree   ├─┬ jsdom@16.5.3
158 silly saveTree   │ ├── abab@2.0.5
158 silly saveTree   │ ├─┬ acorn-globals@6.0.0
158 silly saveTree   │ │ ├── acorn-walk@7.2.0
158 silly saveTree   │ │ └── acorn@7.4.1
158 silly saveTree   │ ├── acorn@8.2.4
158 silly saveTree   │ ├── cssom@0.4.4
158 silly saveTree   │ ├─┬ cssstyle@2.3.0
158 silly saveTree   │ │ └── cssom@0.3.8
158 silly saveTree   │ ├─┬ data-urls@2.0.0
158 silly saveTree   │ │ ├── whatwg-mimetype@2.3.0
158 silly saveTree   │ │ └─┬ whatwg-url@8.5.0
158 silly saveTree   │ │   ├── tr46@2.0.2
158 silly saveTree   │ │   └── webidl-conversions@6.1.0
158 silly saveTree   │ ├── decimal.js@10.2.1
158 silly saveTree   │ ├─┬ domexception@2.0.1
158 silly saveTree   │ │ └── webidl-conversions@5.0.0
158 silly saveTree   │ ├─┬ escodegen@2.0.0
158 silly saveTree   │ │ ├── esprima@4.0.1
158 silly saveTree   │ │ ├── estraverse@5.2.0
158 silly saveTree   │ │ ├── esutils@2.0.3
158 silly saveTree   │ │ ├─┬ optionator@0.8.3
158 silly saveTree   │ │ │ ├── deep-is@0.1.3
158 silly saveTree   │ │ │ ├── fast-levenshtein@2.0.6
158 silly saveTree   │ │ │ ├─┬ levn@0.3.0
158 silly saveTree   │ │ │ │ ├── prelude-ls@1.1.2
158 silly saveTree   │ │ │ │ └── type-check@0.3.2
158 silly saveTree   │ │ │ ├── prelude-ls@1.1.2
158 silly saveTree   │ │ │ ├── type-check@0.3.2
158 silly saveTree   │ │ │ └── word-wrap@1.2.3
158 silly saveTree   │ │ └── source-map@0.6.1
158 silly saveTree   │ ├─┬ html-encoding-sniffer@2.0.1
158 silly saveTree   │ │ └─┬ whatwg-encoding@1.0.5
158 silly saveTree   │ │   └── iconv-lite@0.4.24
158 silly saveTree   │ ├── is-potential-custom-element-name@1.0.1
158 silly saveTree   │ ├── nwsapi@2.2.0
158 silly saveTree   │ ├── parse5@6.0.1
158 silly saveTree   │ ├─┬ request-promise-native@1.0.9
158 silly saveTree   │ │ ├── request-promise-core@1.1.4
158 silly saveTree   │ │ └── stealthy-require@1.1.1
158 silly saveTree   │ ├─┬ saxes@5.0.1
158 silly saveTree   │ │ └── xmlchars@2.2.0
158 silly saveTree   │ ├── symbol-tree@3.2.4
158 silly saveTree   │ ├─┬ tough-cookie@4.0.0
158 silly saveTree   │ │ └── universalify@0.1.2
158 silly saveTree   │ ├─┬ w3c-hr-time@1.0.2
158 silly saveTree   │ │ └── browser-process-hrtime@1.0.0
158 silly saveTree   │ ├─┬ w3c-xmlserializer@2.0.0
158 silly saveTree   │ │ └── xml-name-validator@3.0.0
158 silly saveTree   │ ├── webidl-conversions@6.1.0
158 silly saveTree   │ ├── whatwg-encoding@1.0.5
158 silly saveTree   │ ├── whatwg-mimetype@2.3.0
158 silly saveTree   │ ├── whatwg-url@8.5.0
158 silly saveTree   │ └── xml-name-validator@3.0.0
158 silly saveTree   ├─┬ json2csv@4.5.1
158 silly saveTree   │ ├── commander@2.20.3
158 silly saveTree   │ ├── jsonparse@1.3.1
158 silly saveTree   │ └── lodash.get@4.4.2
158 silly saveTree   ├─┬ ora@4.1.1
158 silly saveTree   │ ├─┬ chalk@3.0.0
158 silly saveTree   │ │ ├─┬ ansi-styles@4.3.0
158 silly saveTree   │ │ │ └─┬ color-convert@2.0.1
158 silly saveTree   │ │ │   └── color-name@1.1.4
158 silly saveTree   │ │ └─┬ supports-color@7.2.0
158 silly saveTree   │ │   └── has-flag@4.0.0
158 silly saveTree   │ ├── cli-spinners@2.6.0
158 silly saveTree   │ ├── is-interactive@1.0.0
158 silly saveTree   │ ├─┬ log-symbols@3.0.0
158 silly saveTree   │ │ └── chalk@2.4.2
158 silly saveTree   │ ├── mute-stream@0.0.8
158 silly saveTree   │ ├─┬ strip-ansi@6.0.0
158 silly saveTree   │ │ └── ansi-regex@5.0.0
158 silly saveTree   │ └─┬ wcwidth@1.0.1
158 silly saveTree   │   └─┬ defaults@1.0.3
158 silly saveTree   │     └── clone@1.0.4
158 silly saveTree   ├── progress@2.0.3
158 silly saveTree   ├── request-promise@4.2.6
158 silly saveTree   ├─┬ socks-proxy-agent@5.0.0
158 silly saveTree   │ └─┬ socks@2.6.1
158 silly saveTree   │   ├── ip@1.1.5
158 silly saveTree   │   └── smart-buffer@4.1.0
158 silly saveTree   └─┬ yargs@14.2.3
158 silly saveTree     ├─┬ cliui@5.0.0
158 silly saveTree     │ ├─┬ string-width@3.1.0
158 silly saveTree     │ │ ├── emoji-regex@7.0.3
158 silly saveTree     │ │ └── is-fullwidth-code-point@2.0.0
158 silly saveTree     │ └─┬ wrap-ansi@5.1.0
158 silly saveTree     │   └─┬ string-width@3.1.0
158 silly saveTree     │     └── is-fullwidth-code-point@2.0.0
158 silly saveTree     ├── decamelize@1.2.0
158 silly saveTree     ├─┬ find-up@3.0.0
158 silly saveTree     │ └─┬ locate-path@3.0.0
158 silly saveTree     │   ├─┬ p-locate@3.0.0
158 silly saveTree     │   │ └─┬ p-limit@2.3.0
158 silly saveTree     │   │   └── p-try@2.2.0
158 silly saveTree     │   └── path-exists@3.0.0
158 silly saveTree     ├── get-caller-file@2.0.5
158 silly saveTree     ├── require-directory@2.1.1
158 silly saveTree     ├── require-main-filename@2.0.0
158 silly saveTree     ├─┬ string-width@3.1.0
158 silly saveTree     │ └── is-fullwidth-code-point@2.0.0
158 silly saveTree     ├── which-module@2.0.0
158 silly saveTree     ├── y18n@4.0.3
158 silly saveTree     └── yargs-parser@15.0.1
159 verbose stack Error: EPERM: operation not permitted, symlink '../detect-libc/bin/detect-libc.js' -> '/storage/emulated/0/Download/PRIVATE/node_modules/.bin/detect-libc'
160 verbose cwd /storage/emulated/0/Download/PRIVATE
161 verbose Linux 3.18.120
162 verbose argv "/data/data/com.termux/files/usr/bin/node" "/data/data/com.termux/files/usr/bin/npm" "install"
163 verbose node v14.15.4
164 verbose npm  v6.14.10
165 error code EPERM
166 error syscall symlink
167 error path ../detect-libc/bin/detect-libc.js
168 error dest /storage/emulated/0/Download/PRIVATE/node_modules/.bin/detect-libc
169 error errno -1
170 error Error: EPERM: operation not permitted, symlink '../detect-libc/bin/detect-libc.js' -> '/storage/emulated/0/Download/PRIVATE/node_modules/.bin/detect-libc'
170 error  [OperationalError: EPERM: operation not permitted, symlink '../detect-libc/bin/detect-libc.js' -> '/storage/emulated/0/Download/PRIVATE/node_modules/.bin/detect-libc'] {
170 error   cause: [Error: EPERM: operation not permitted, symlink '../detect-libc/bin/detect-libc.js' -> '/storage/emulated/0/Download/PRIVATE/node_modules/.bin/detect-libc'] {
170 error     errno: -1,
170 error     code: 'EPERM',
170 error     syscall: 'symlink',
170 error     path: '../detect-libc/bin/detect-libc.js',
170 error     dest: '/storage/emulated/0/Download/PRIVATE/node_modules/.bin/detect-libc'
170 error   },
170 error   errno: -1,
170 error   code: 'EPERM',
170 error   syscall: 'symlink',
170 error   path: '../detect-libc/bin/detect-libc.js',
170 error   dest: '/storage/emulated/0/Download/PRIVATE/node_modules/.bin/detect-libc',
170 error   parent: 'PRIVATE'
170 error }
171 error The operation was rejected by your operating system.
171 error It is likely you do not have the permissions to access this file as the current user
171 error
171 error If you believe this might be a permissions issue, please double-check the
171 error permissions of the file and its containing directories, or try running
171 error the command again as root/Administrator.
172 verbose exit [ -1, true ]
